<?xml version="1.0" encoding="utf-8"?><testsuites name="pytest tests"><testsuite name="pytest" errors="0" failures="0" skipped="0" tests="18" time="2.798" timestamp="2026-05-22T15:33:44.290448+00:00" hostname="agent-env-f832a2e2-a9d2-47d1-9ac8-7c7726e6b8c7"><testcase classname="backend.tests.test_siskamling_api.TestAuth" name="test_register_creates_user_and_returns_token" time="0.589" /><testcase classname="backend.tests.test_siskamling_api.TestAuth" name="test_register_duplicate_email_returns_400" time="0.082" /><testcase classname="backend.tests.test_siskamling_api.TestAuth" name="test_login_success" time="0.361" /><testcase classname="backend.tests.test_siskamling_api.TestAuth" name="test_login_invalid_password_returns_401" time="0.366" /><testcase classname="backend.tests.test_siskamling_api.TestAuth" name="test_login_nonexistent_user_returns_401" time="0.075" /><testcase classname="backend.tests.test_siskamling_api.TestAuth" name="test_get_me_returns_current_user" time="0.076" /><testcase classname="backend.tests.test_siskamling_api.TestAuth" name="test_me_without_token_returns_401_or_403" time="0.099" /><testcase classname="backend.tests.test_siskamling_api.TestEmergency" name="test_create_emergency_sos_alert_and_persist" time="0.194" /><testcase classname="backend.tests.test_siskamling_api.TestEmergency" name="test_create_emergency_other_types[medis]" time="0.079" /><testcase classname="backend.tests.test_siskamling_api.TestEmergency" name="test_create_emergency_other_types[kriminal]" time="0.082" /><testcase classname="backend.tests.test_siskamling_api.TestEmergency" name="test_create_emergency_other_types[kebakaran]" time="0.077" /><testcase classname="backend.tests.test_siskamling_api.TestEmergency" name="test_get_active_alerts" time="0.084" /><testcase classname="backend.tests.test_siskamling_api.TestEmergency" name="test_emergency_alert_requires_auth" time="0.077" /><testcase classname="backend.tests.test_siskamling_api.TestWeather" name="test_current_weather" time="0.073" /><testcase classname="backend.tests.test_siskamling_api.TestWeather" name="test_forecast" time="0.072" /><testcase classname="backend.tests.test_siskamling_api.TestWeather" name="test_recommendations" time="0.081" /><testcase classname="backend.tests.test_siskamling_api.TestUserProfile" name="test_update_language_and_mode" time="0.151" /><testcase classname="backend.tests.test_siskamling_api.TestUserProfile" name="test_profile_update_requires_auth" time="0.070" /></testsuite></testsuites>