<?xml version="1.0" encoding="utf-8"?><testsuites name="pytest tests"><testsuite name="pytest" errors="0" failures="0" skipped="0" tests="33" time="6.413" timestamp="2026-05-22T16:18:55.876419+00:00" hostname="agent-env-f832a2e2-a9d2-47d1-9ac8-7c7726e6b8c7"><testcase classname="backend.tests.test_new_features.TestRegisterNewFields" name="test_register_with_kelurahan_and_role" time="1.407" /><testcase classname="backend.tests.test_new_features.TestMembers" name="test_members_lists_users_in_same_rw" time="0.088" /><testcase classname="backend.tests.test_new_features.TestMembers" name="test_members_requires_auth" time="0.076" /><testcase classname="backend.tests.test_new_features.TestChatRooms" name="test_warga_sees_1_room" time="0.084" /><testcase classname="backend.tests.test_new_features.TestChatRooms" name="test_koord_rw_sees_2_rooms" time="0.079" /><testcase classname="backend.tests.test_new_features.TestChatRooms" name="test_koord_kel_sees_3_rooms" time="0.084" /><testcase classname="backend.tests.test_new_features.TestChatMessages" name="test_send_and_get_message_in_rw_room" time="0.249" /><testcase classname="backend.tests.test_new_features.TestChatMessages" name="test_warga_blocked_from_koord_room_403" time="0.078" /><testcase classname="backend.tests.test_new_features.TestChatMessages" name="test_warga_post_to_koord_room_403" time="0.086" /><testcase classname="backend.tests.test_new_features.TestChatMessages" name="test_chat_requires_auth" time="0.083" /><testcase classname="backend.tests.test_new_features.TestBencana" name="test_earthquakes_returns_latest_object" time="0.683" /><testcase classname="backend.tests.test_new_features.TestBencana" name="test_status_returns_6_disaster_types" time="0.075" /><testcase classname="backend.tests.test_new_features.TestBencana" name="test_create_and_get_disaster_reports" time="0.166" /><testcase classname="backend.tests.test_new_features.TestBencana" name="test_reports_requires_auth" time="0.102" /><testcase classname="backend.tests.test_new_features.TestEmergencyLiveLocation" name="test_emergency_response_includes_location" time="0.179" /><testcase classname="backend.tests.test_siskamling_api.TestAuth" name="test_register_creates_user_and_returns_token" time="0.365" /><testcase classname="backend.tests.test_siskamling_api.TestAuth" name="test_register_duplicate_email_returns_400" time="0.085" /><testcase classname="backend.tests.test_siskamling_api.TestAuth" name="test_login_success" time="0.362" /><testcase classname="backend.tests.test_siskamling_api.TestAuth" name="test_login_invalid_password_returns_401" time="0.372" /><testcase classname="backend.tests.test_siskamling_api.TestAuth" name="test_login_nonexistent_user_returns_401" time="0.089" /><testcase classname="backend.tests.test_siskamling_api.TestAuth" name="test_get_me_returns_current_user" time="0.098" /><testcase classname="backend.tests.test_siskamling_api.TestAuth" name="test_me_without_token_returns_401_or_403" time="0.083" /><testcase classname="backend.tests.test_siskamling_api.TestEmergency" name="test_create_emergency_sos_alert_and_persist" time="0.168" /><testcase classname="backend.tests.test_siskamling_api.TestEmergency" name="test_create_emergency_other_types[medis]" time="0.089" /><testcase classname="backend.tests.test_siskamling_api.TestEmergency" name="test_create_emergency_other_types[kriminal]" time="0.091" /><testcase classname="backend.tests.test_siskamling_api.TestEmergency" name="test_create_emergency_other_types[kebakaran]" time="0.090" /><testcase classname="backend.tests.test_siskamling_api.TestEmergency" name="test_get_active_alerts" time="0.081" /><testcase classname="backend.tests.test_siskamling_api.TestEmergency" name="test_emergency_alert_requires_auth" time="0.246" /><testcase classname="backend.tests.test_siskamling_api.TestWeather" name="test_current_weather" time="0.079" /><testcase classname="backend.tests.test_siskamling_api.TestWeather" name="test_forecast" time="0.084" /><testcase classname="backend.tests.test_siskamling_api.TestWeather" name="test_recommendations" time="0.086" /><testcase classname="backend.tests.test_siskamling_api.TestUserProfile" name="test_update_language_and_mode" time="0.167" /><testcase classname="backend.tests.test_siskamling_api.TestUserProfile" name="test_profile_update_requires_auth" time="0.079" /></testsuite></testsuites>